<?xml version="1.0" encoding="UTF-8"?>
<!-- Generated by org.testng.reporters.JUnitXMLReporter -->
<testsuite hostname="DESKTOP-8DG4RR2" ignored="0" name="Default test" tests="7" failures="0" timestamp="09 七月 2018 06:49:22 GMT" time="40.136" errors="0">
  <testcase name="f" time="4.759" classname="cbt.atm.test.NewTest"/>
  <testcase name="f" time="5.305" classname="cbt.atm.test.NewTest"/>
  <testcase name="f" time="5.336" classname="cbt.atm.test.NewTest"/>
  <testcase name="f" time="5.304" classname="cbt.atm.test.NewTest"/>
  <testcase name="f" time="5.326" classname="cbt.atm.test.NewTest"/>
  <testcase name="f" time="4.325" classname="cbt.atm.test.NewTest"/>
  <testcase name="f" time="5.309" classname="cbt.atm.test.NewTest"/>
</testsuite> <!-- Default test -->
